[debug] [2017-11-19T15:39:18.178Z] ----------------------------------------------------------------------
[debug] [2017-11-19T15:39:18.180Z] Command:       /usr/local/bin/node /usr/local/bin/firebase serve
[debug] [2017-11-19T15:39:18.181Z] CLI Version:   3.15.0
[debug] [2017-11-19T15:39:18.181Z] Platform:      darwin
[debug] [2017-11-19T15:39:18.181Z] Node Version:  v7.9.0
[debug] [2017-11-19T15:39:18.181Z] Time:          Sun Nov 19 2017 16:39:18 GMT+0100 (CET)
[debug] [2017-11-19T15:39:18.181Z] ----------------------------------------------------------------------
[debug] 
[debug] [2017-11-19T15:39:18.194Z] > command requires scopes: ["email","openid","https://www.googleapis.com/auth/cloudplatformprojects.readonly","https://www.googleapis.com/auth/firebase","https://www.googleapis.com/auth/cloud-platform"]
[debug] [2017-11-19T15:39:18.194Z] > authorizing via signed-in user
[debug] [2017-11-19T15:39:18.197Z] > refreshing access token with scopes: ["email","https://www.googleapis.com/auth/cloud-platform","https://www.googleapis.com/auth/cloudplatformprojects.readonly","https://www.googleapis.com/auth/firebase","openid"]
[debug] [2017-11-19T15:39:18.197Z] >>> HTTP REQUEST POST https://www.googleapis.com/oauth2/v3/token { refresh_token: '1/ni-YYOu0Nyr5PmmsQR9ZdWGK2LuJw-UwSlbgNAIMeAs',
  client_id: '563584335869-fgrhgmd47bqnekij5i8b5pr03ho849e6.apps.googleusercontent.com',
  client_secret: 'j9iVZfS8kkCEFUPaAeJV0sAi',
  grant_type: 'refresh_token',
  scope: 'email https://www.googleapis.com/auth/cloud-platform https://www.googleapis.com/auth/cloudplatformprojects.readonly https://www.googleapis.com/auth/firebase openid' } 
 Sun Nov 19 2017 16:39:18 GMT+0100 (CET)
[debug] [2017-11-19T15:39:18.478Z] <<< HTTP RESPONSE 200
[debug] [2017-11-19T15:39:18.486Z] >>> HTTP REQUEST GET https://admin.firebase.com/v1/projects/travlendar-plus  
 Sun Nov 19 2017 16:39:18 GMT+0100 (CET)
[debug] [2017-11-19T15:39:19.580Z] <<< HTTP RESPONSE 200
[debug] [2017-11-19T15:39:19.581Z] >>> HTTP REQUEST GET https://admin.firebase.com/v1/database/travlendar-plus/tokens  
 Sun Nov 19 2017 16:39:19 GMT+0100 (CET)
[debug] [2017-11-19T15:39:20.519Z] <<< HTTP RESPONSE 200
[info] 
[info] === Serving from '/Users/uino/Dev/SinicoTaglia/travlendar'...
[info] 
[debug] [2017-11-19T15:39:20.523Z] >>> HTTP REQUEST GET https://cloudresourcemanager.googleapis.com/v1/projects/travlendar-plus  
 Sun Nov 19 2017 16:39:20 GMT+0100 (CET)
[debug] [2017-11-19T15:39:21.537Z] <<< HTTP RESPONSE 200
[debug] [2017-11-19T15:39:21.537Z] >>> HTTP REQUEST GET https://mobilesdk-pa.googleapis.com/v1/projects/33867474922/clients/_:getWebAppConfig  
 Sun Nov 19 2017 16:39:21 GMT+0100 (CET)
[debug] [2017-11-19T15:39:22.658Z] <<< HTTP RESPONSE 200
[info] i  hosting: Serving hosting files from: public
[info] ✔  hosting: Local server: http://localhost:5000

