[debug] [2017-11-20T09:59:27.844Z] ----------------------------------------------------------------------
[debug] [2017-11-20T09:59:27.847Z] Command:       /usr/bin/node /usr/local/bin/firebase serve
[debug] [2017-11-20T09:59:27.848Z] CLI Version:   3.15.0
[debug] [2017-11-20T09:59:27.848Z] Platform:      linux
[debug] [2017-11-20T09:59:27.848Z] Node Version:  v6.11.4
[debug] [2017-11-20T09:59:27.848Z] Time:          Mon Nov 20 2017 10:59:27 GMT+0100 (CET)
[debug] [2017-11-20T09:59:27.848Z] ----------------------------------------------------------------------
[debug] 
[debug] [2017-11-20T09:59:27.858Z] > command requires scopes: ["email","openid","https://www.googleapis.com/auth/cloudplatformprojects.readonly","https://www.googleapis.com/auth/firebase","https://www.googleapis.com/auth/cloud-platform"]
[debug] [2017-11-20T09:59:27.858Z] > authorizing via signed-in user
[debug] [2017-11-20T09:59:27.860Z] > refreshing access token with scopes: ["email","https://www.googleapis.com/auth/cloud-platform","https://www.googleapis.com/auth/cloudplatformprojects.readonly","https://www.googleapis.com/auth/firebase","openid"]
[debug] [2017-11-20T09:59:27.861Z] >>> HTTP REQUEST POST https://www.googleapis.com/oauth2/v3/token { refresh_token: '1/ybgKSvvL_RzVUlzJggtDe7IEuu3i5gKgNfWX1kENndg',
  client_id: '563584335869-fgrhgmd47bqnekij5i8b5pr03ho849e6.apps.googleusercontent.com',
  client_secret: 'j9iVZfS8kkCEFUPaAeJV0sAi',
  grant_type: 'refresh_token',
  scope: 'email https://www.googleapis.com/auth/cloud-platform https://www.googleapis.com/auth/cloudplatformprojects.readonly https://www.googleapis.com/auth/firebase openid' } 
 Mon Nov 20 2017 10:59:27 GMT+0100 (CET)
[debug] [2017-11-20T09:59:28.872Z] <<< HTTP RESPONSE 200
[debug] [2017-11-20T09:59:28.893Z] >>> HTTP REQUEST GET https://admin.firebase.com/v1/projects/travlendar-plus  
 Mon Nov 20 2017 10:59:28 GMT+0100 (CET)
[debug] [2017-11-20T09:59:29.775Z] <<< HTTP RESPONSE 200
[debug] [2017-11-20T09:59:29.776Z] >>> HTTP REQUEST GET https://admin.firebase.com/v1/database/travlendar-plus/tokens  
 Mon Nov 20 2017 10:59:29 GMT+0100 (CET)
[debug] [2017-11-20T09:59:30.599Z] <<< HTTP RESPONSE 200
[info] 
[info] === Serving from '/home/spranga/Dev/SinicoTaglia/travlendar'...
[info] 
[debug] [2017-11-20T09:59:30.605Z] >>> HTTP REQUEST GET https://cloudresourcemanager.googleapis.com/v1/projects/travlendar-plus  
 Mon Nov 20 2017 10:59:30 GMT+0100 (CET)
[debug] [2017-11-20T09:59:31.521Z] <<< HTTP RESPONSE 200
[debug] [2017-11-20T09:59:31.522Z] >>> HTTP REQUEST GET https://mobilesdk-pa.googleapis.com/v1/projects/33867474922/clients/_:getWebAppConfig  
 Mon Nov 20 2017 10:59:31 GMT+0100 (CET)
[debug] [2017-11-20T09:59:32.135Z] <<< HTTP RESPONSE 200
[info] i  hosting: Serving hosting files from: public
[info] ✔  hosting: Local server: http://localhost:5000

