[debug] [2017-11-16T00:45:31.032Z] ----------------------------------------------------------------------
[debug] [2017-11-16T00:45:31.034Z] Command:       /usr/bin/node /usr/local/bin/firebase serve
[debug] [2017-11-16T00:45:31.035Z] CLI Version:   3.15.0
[debug] [2017-11-16T00:45:31.035Z] Platform:      linux
[debug] [2017-11-16T00:45:31.035Z] Node Version:  v6.11.4
[debug] [2017-11-16T00:45:31.035Z] Time:          Thu Nov 16 2017 01:45:31 GMT+0100 (CET)
[debug] [2017-11-16T00:45:31.035Z] ----------------------------------------------------------------------
[debug] 
[debug] [2017-11-16T00:45:31.050Z] > command requires scopes: ["email","openid","https://www.googleapis.com/auth/cloudplatformprojects.readonly","https://www.googleapis.com/auth/firebase","https://www.googleapis.com/auth/cloud-platform"]
[debug] [2017-11-16T00:45:31.050Z] > authorizing via signed-in user
[debug] [2017-11-16T00:45:31.052Z] > refreshing access token with scopes: ["email","https://www.googleapis.com/auth/cloud-platform","https://www.googleapis.com/auth/cloudplatformprojects.readonly","https://www.googleapis.com/auth/firebase","openid"]
[debug] [2017-11-16T00:45:31.053Z] >>> HTTP REQUEST POST https://www.googleapis.com/oauth2/v3/token { refresh_token: '1/ybgKSvvL_RzVUlzJggtDe7IEuu3i5gKgNfWX1kENndg',
  client_id: '563584335869-fgrhgmd47bqnekij5i8b5pr03ho849e6.apps.googleusercontent.com',
  client_secret: 'j9iVZfS8kkCEFUPaAeJV0sAi',
  grant_type: 'refresh_token',
  scope: 'email https://www.googleapis.com/auth/cloud-platform https://www.googleapis.com/auth/cloudplatformprojects.readonly https://www.googleapis.com/auth/firebase openid' } 
 Thu Nov 16 2017 01:45:31 GMT+0100 (CET)
[debug] [2017-11-16T00:45:31.218Z] <<< HTTP RESPONSE 200
[debug] [2017-11-16T00:45:31.226Z] >>> HTTP REQUEST GET https://admin.firebase.com/v1/projects/travlendar-plus  
 Thu Nov 16 2017 01:45:31 GMT+0100 (CET)
[debug] [2017-11-16T00:45:32.091Z] <<< HTTP RESPONSE 200
[debug] [2017-11-16T00:45:32.092Z] >>> HTTP REQUEST GET https://admin.firebase.com/v1/database/travlendar-plus/tokens  
 Thu Nov 16 2017 01:45:32 GMT+0100 (CET)
[debug] [2017-11-16T00:45:32.978Z] <<< HTTP RESPONSE 200
[info] 
[info] === Serving from '/home/spranga/Desktop/Dev/SinicoTaglia/travlendar'...
[info] 
[debug] [2017-11-16T00:45:32.980Z] >>> HTTP REQUEST GET https://cloudresourcemanager.googleapis.com/v1/projects/travlendar-plus  
 Thu Nov 16 2017 01:45:32 GMT+0100 (CET)
[debug] [2017-11-16T00:45:33.900Z] <<< HTTP RESPONSE 200
[debug] [2017-11-16T00:45:33.901Z] >>> HTTP REQUEST GET https://mobilesdk-pa.googleapis.com/v1/projects/33867474922/clients/_:getWebAppConfig  
 Thu Nov 16 2017 01:45:33 GMT+0100 (CET)
[debug] [2017-11-16T00:45:35.131Z] <<< HTTP RESPONSE 200
[info] i  hosting: Serving hosting files from: public
[info] ✔  hosting: Local server: http://localhost:5000

